{"contracts/SwapPetOracle.sol":{"l":{"16":3,"17":3,"18":3,"22":1,"23":1,"28":1,"29":1,"35":0,"36":0,"37":0},"path":"/media/sdc1/GitClient/swappet/oracle/contracts/SwapPetOracle.sol","s":{"1":3,"2":3,"3":3,"4":1,"5":1,"6":1,"7":1,"8":0,"9":0,"10":0},"b":{},"f":{"1":3,"2":1,"3":1,"4":0},"fnMap":{"1":{"name":"constructor","line":15,"loc":{"start":{"line":15,"column":4},"end":{"line":19,"column":4}}},"2":{"name":"setSwapper","line":21,"loc":{"start":{"line":21,"column":4},"end":{"line":24,"column":4}}},"3":{"name":"price","line":27,"loc":{"start":{"line":27,"column":4},"end":{"line":30,"column":4}}},"4":{"name":"swap","line":34,"loc":{"start":{"line":34,"column":4},"end":{"line":38,"column":4}}}},"statementMap":{"1":{"start":{"line":16,"column":8},"end":{"line":16,"column":64}},"2":{"start":{"line":17,"column":8},"end":{"line":17,"column":23}},"3":{"start":{"line":18,"column":8},"end":{"line":18,"column":25}},"4":{"start":{"line":22,"column":8},"end":{"line":22,"column":75}},"5":{"start":{"line":23,"column":8},"end":{"line":23,"column":25}},"6":{"start":{"line":28,"column":8},"end":{"line":28,"column":65}},"7":{"start":{"line":29,"column":8},"end":{"line":29,"column":17}},"8":{"start":{"line":35,"column":8},"end":{"line":35,"column":23}},"9":{"start":{"line":36,"column":8},"end":{"line":36,"column":82}},"10":{"start":{"line":37,"column":8},"end":{"line":37,"column":18}}},"branchMap":{}}}